2026-06-26 11:11:52,996 [INFO] src.pipeline.pipeline_runner: ==================================================
2026-06-26 11:11:52,997 [INFO] src.pipeline.pipeline_runner: パイプライン開始: C:/Users/evolu/Downloads/goriate.mp4
2026-06-26 11:11:53,014 [INFO] src.modules.silence_cutter: 無音カット開始: threshold=-20dB, min=0.600s, fade=False
2026-06-26 11:14:43,426 [INFO] src.modules.silence_cutter: 検出された無音区間: 295 件
2026-06-26 11:19:05,736 [INFO] src.modules.silence_cutter: 無音カット完了: C:\Users\evolu\AppData\Local\Temp\autoedit_cp57vp0c\silence_cut.mp4
2026-06-26 11:20:13,793 [INFO] src.modules.subtitle_generator: 音声認識開始 (model=large-v3, device=cpu, compute_type=int8, 設定=auto)
2026-06-26 11:26:53,409 [INFO] src.modules.subtitle_generator: 音声認識完了 (54 セグメント)
2026-06-26 11:27:05,982 [INFO] src.modules.subtitle_generator: 発話区間でテロップを絞り込み: 54 → 54 セグメント (閾値=-18dB, mode=trim)
2026-06-26 11:32:24,174 [INFO] src.modules.concat_processor: オープニング結合 スキップ (フラグ無効)
2026-06-26 11:32:24,175 [INFO] src.modules.concat_processor: エンディング結合 スキップ (フラグ無効)
2026-06-26 11:32:24,194 [INFO] src.modules.output_writer: 出力完了: D:/develop/autoedit/output\goriate_edited.mp4
2026-06-26 11:32:24,194 [INFO] src.pipeline.pipeline_runner: パイプライン正常終了: D:/develop/autoedit/output\goriate_edited.mp4
2026-06-26 11:33:56,896 [INFO] src.pipeline.pipeline_runner: ==================================================
2026-06-26 11:33:56,897 [INFO] src.pipeline.pipeline_runner: パイプライン開始: C:/Users/evolu/Downloads/goriate.mp4
2026-06-26 11:33:56,902 [INFO] src.modules.silence_cutter: 無音カット開始: threshold=-26dB, min=0.600s, fade=False
2026-06-26 11:36:22,637 [INFO] src.modules.silence_cutter: 検出された無音区間: 16 件
2026-06-26 12:27:21,454 [INFO] src.modules.silence_cutter: 無音カット完了: C:\Users\evolu\AppData\Local\Temp\autoedit_w61w1p1_\silence_cut.mp4
2026-06-26 12:27:21,455 [INFO] src.modules.subtitle_generator: 音声認識開始 (model=large-v3, device=cpu, compute_type=int8, 設定=auto)
2026-06-26 12:56:26,793 [INFO] src.modules.subtitle_generator: 音声認識完了 (84 セグメント)
2026-06-26 13:00:36,613 [INFO] src.modules.subtitle_generator: 発話区間でテロップを絞り込み: 84 → 40 セグメント (閾値=-18dB, mode=trim)
2026-06-26 13:07:21,949 [INFO] src.modules.subtitle_generator: 使用するテロップが無いため焼き込みをスキップ
2026-06-26 13:07:21,949 [INFO] src.modules.concat_processor: オープニング結合 スキップ (フラグ無効)
2026-06-26 13:07:21,951 [INFO] src.modules.concat_processor: エンディング結合 スキップ (フラグ無効)
2026-06-26 13:07:22,796 [INFO] src.modules.output_writer: 出力完了: D:/develop/autoedit/output\goriate_edited_1.mp4
2026-06-26 13:07:22,796 [INFO] src.pipeline.pipeline_runner: パイプライン正常終了: D:/develop/autoedit/output\goriate_edited_1.mp4
2026-06-26 13:12:48,283 [INFO] src.pipeline.pipeline_runner: ==================================================
2026-06-26 13:12:48,283 [INFO] src.pipeline.pipeline_runner: パイプライン開始: C:/Users/evolu/Downloads/goriate.mp4
2026-06-26 13:12:48,289 [INFO] src.modules.silence_cutter: 無音カット開始: threshold=-27dB, min=0.600s, fade=False
2026-06-26 13:15:14,052 [INFO] src.modules.silence_cutter: 検出された無音区間: 15 件
2026-06-26 13:23:10,053 [ERROR] src.modules.ffmpeg_runner: FFmpeg 失敗 (code=3221225786): [vost#0:0/libx264 @ 000001c6644d27c0] Error submitting a packet to the muxer: Immediate exit requested
    Last message repeated 1 times
[out#0/mp4 @ 000001c662d0bc80] Error muxing a packet
[out#0/mp4 @ 000001c662d0bc80] Task finished with error code: -1414092869 (Immediate exit requested)
[out#0/mp4 @ 000001c662d0bc80] Terminating thread with return code -1414092869 (Immediate exit requested)
[out#0/mp4 @ 000001c662d0bc80] Error writing trailer: Immediate exit requested
[out#0/mp4 @ 000001c662d0bc80] Error closing file: Immediate exit requested
[out#0/mp4 @ 000001c662d0bc80] video:227212KiB audio:2710KiB subtitle:0KiB other streams:0KiB global headers:0KiB muxing overhead: unknown
frame=10268 fps= 30 q=-1.0 Lsize=  229632KiB time=00:02:51.10 bitrate=10994.4kbits/s speed=0.507x elapsed=0:05:37.46    
Error closing progress log, loss of information possible: Immediate exit requested
[libx264 @ 000001c6644d4240] frame I:43    Avg QP:16.38  size:171223
[libx264 @ 000001c6644d4240] frame P:3020  Avg QP:21.00  size: 41114
[libx264 @ 000001c6644d4240] frame B:7294  Avg QP:25.53  size: 14212
[libx264 @ 000001c6644d4240] consecutive B-frames:  1.0% 13.7%  4.5% 80.8%
[libx264 @ 000001c6644d4240] mb I  I16..4: 21.9% 59.2% 19.0%
[libx264 @ 000001c6644d4240] mb P  I16..4:  3.8% 15.3%  1.1%  P16..4: 23.6%  6.8%  2.3%  0.0%  0.0%    skip:47.0%
[libx264 @ 000001c6644d4240] mb B  I16..4:  0.7%  3.4%  0.1%  B16..8: 20.2%  3.0%  0.4%  direct: 1.3%  skip:70.9%  L0:46.7% L1:49.4% BI: 3.9%
[libx264 @ 000001c6644d4240] 8x8 transform intra:76.3% inter:79.9%
[libx264 @ 000001c6644d4240] coded y,uvDC,uvAC intra: 47.1% 34.0% 5.9% inter: 5.6% 3.9% 0.2%
[libx264 @ 000001c6644d4240] i16 v,h,dc,p: 21% 46% 11% 23%
[libx264 @ 000001c6644d4240] i8 v,h,dc,ddl,ddr,vr,hd,vl,hu: 18% 29% 23%  4%  5%  4%  7%  3%  7%
[libx264 @ 000001c6644d4240] i4 v,h,dc,ddl,ddr,vr,hd,vl,hu: 22% 33% 14%  4%  6%  5%  8%  4%  4%
[libx264 @ 000001c6644d4240] i8c dc,h,v,p: 70% 18% 10%  2%
[libx264 @ 000001c6644d4240] Weighted P-Frames: Y:0.2% UV:0.1%
[libx264 @ 000001c6644d4240] ref P L0: 61.1%  9.6% 23.7%  5.6%  0.0%
[libx264 @ 000001c6644d4240] ref B L0: 80.9% 16.2%  3.0%
[libx264 @ 000001c6644d4240] ref B L1: 95.6%  4.4%
[libx264 @ 000001c6644d4240] kb/s:10896.89
[aac @ 000001c66290e600] Qavg: 639.824
Exiting normally, received signal 15.
2026-06-26 13:23:10,084 [ERROR] src.pipeline.pipeline_runner: パイプライン中断: 既知エラー
Traceback (most recent call last):
  File "D:\develop\autoedit\src\pipeline\pipeline_runner.py", line 39, in run_pipeline
    silence_cutter.run(context)
  File "D:\develop\autoedit\src\modules\silence_cutter.py", line 417, in run
    cut_and_concat_seek(
  File "D:\develop\autoedit\src\modules\silence_cutter.py", line 234, in cut_and_concat_seek
    extract_segment(
  File "D:\develop\autoedit\src\modules\silence_cutter.py", line 205, in extract_segment
    ffmpeg_runner.execute(
  File "D:\develop\autoedit\src\modules\ffmpeg_runner.py", line 84, in execute
    raise FFmpegError(
src.exceptions.FFmpegError: FFmpeg 実行失敗 (returncode=3221225786)
2026-06-26 13:23:10,169 [ERROR] __main__: パイプライン実行に失敗
Traceback (most recent call last):
  File "D:\develop\autoedit\src\gui\main_window.py", line 108, in run
    output = run_pipeline(
             ^^^^^^^^^^^^^
  File "D:\develop\autoedit\src\pipeline\pipeline_runner.py", line 39, in run_pipeline
    silence_cutter.run(context)
  File "D:\develop\autoedit\src\modules\silence_cutter.py", line 417, in run
    cut_and_concat_seek(
  File "D:\develop\autoedit\src\modules\silence_cutter.py", line 234, in cut_and_concat_seek
    extract_segment(
  File "D:\develop\autoedit\src\modules\silence_cutter.py", line 205, in extract_segment
    ffmpeg_runner.execute(
  File "D:\develop\autoedit\src\modules\ffmpeg_runner.py", line 84, in execute
    raise FFmpegError(
src.exceptions.FFmpegError: FFmpeg 実行失敗 (returncode=3221225786)
2026-06-26 14:29:49,846 [INFO] src.pipeline.pipeline_runner: ==================================================
2026-06-26 14:29:49,846 [INFO] src.pipeline.pipeline_runner: パイプライン開始: C:/Users/evolu/Downloads/goriate.mp4
2026-06-26 14:34:43,806 [INFO] src.modules.volume_analyzer: 発話区間の最低dB=-39 (mean, 測定 14/14 区間)
2026-06-26 14:34:59,348 [INFO] src.pipeline.pipeline_runner: カット閾値を更新し保存: -39 dB
2026-06-26 14:34:59,348 [INFO] src.modules.silence_cutter: 無音カット開始: threshold=-39dB, min=0.600s, fade=False
2026-06-26 14:37:39,193 [INFO] src.modules.silence_cutter: 検出された無音区間: 7 件
2026-06-26 15:26:30,753 [INFO] src.modules.silence_cutter: 無音カット完了: C:\Users\evolu\AppData\Local\Temp\autoedit_4mu28m6y\silence_cut.mp4
2026-06-26 15:26:33,991 [INFO] src.modules.subtitle_generator: 音声認識開始 (model=large-v3, device=cpu, compute_type=int8, 設定=auto)
2026-06-26 15:55:59,625 [INFO] src.modules.subtitle_generator: 音声認識完了 (104 セグメント)
2026-06-26 16:27:08,448 [INFO] src.pipeline.pipeline_runner: パイプライン中断: ユーザーによるキャンセル
2026-06-26 16:28:02,578 [INFO] src.pipeline.pipeline_runner: ==================================================
2026-06-26 16:28:02,578 [INFO] src.pipeline.pipeline_runner: パイプライン開始: C:/Users/evolu/Downloads/goriate.mp4
2026-06-26 16:41:41,632 [INFO] src.pipeline.pipeline_runner: ==================================================
2026-06-26 16:41:41,632 [INFO] src.pipeline.pipeline_runner: パイプライン開始: C:/Users/evolu/Downloads/goriate.mp4
2026-06-26 16:46:43,187 [INFO] src.modules.volume_analyzer: 発話区間の最低dB=-36 (mean, 測定 8/8 区間)
2026-06-26 16:50:47,186 [INFO] src.pipeline.pipeline_runner: カット閾値を更新し保存: -36 dB
2026-06-26 16:50:47,186 [INFO] src.modules.silence_cutter: 無音カット開始: threshold=-36dB, min=0.600s, fade=False
2026-06-26 16:53:06,531 [INFO] src.modules.silence_cutter: 検出された無音区間: 23 件
2026-06-26 17:41:32,400 [INFO] src.modules.silence_cutter: 無音カット完了: C:\Users\evolu\AppData\Local\Temp\autoedit_gi2oqmpd\silence_cut.mp4
2026-06-26 17:41:35,609 [INFO] src.modules.subtitle_generator: 音声認識開始 (model=large-v3, device=cpu, compute_type=int8, 設定=auto)
2026-06-26 17:41:42,625 [INFO] src.modules.subtitle_generator: VAD フィルタ有効 (min_silence=500ms, condition_on_previous_text=False)
2026-06-26 17:42:48,193 [INFO] src.modules.subtitle_generator: 音声認識完了 (22 セグメント)
2026-06-26 18:32:03,639 [INFO] src.modules.concat_processor: オープニング結合 スキップ (フラグ無効)
2026-06-26 18:32:03,639 [INFO] src.modules.concat_processor: エンディング結合 スキップ (フラグ無効)
2026-06-26 18:32:05,357 [INFO] src.modules.output_writer: 出力完了: D:/develop/autoedit/output\goriate_edited_2.mp4
2026-06-26 18:32:05,357 [INFO] src.pipeline.pipeline_runner: パイプライン正常終了: D:/develop/autoedit/output\goriate_edited_2.mp4
